<?xml version="1.0" encoding="UTF-8" ?>
<testsuite tests="3" failures="1" name="ch.globaz.tmmas.rechercheservice.application.PersonnesControllerTest" time="6.845" errors="0" skipped="0">
  <properties>
    <property name="idea.version" value="2017.2.2"/>
    <property name="java.runtime.name" value="Java(TM) SE Runtime Environment"/>
    <property name="sun.boot.library.path" value="C:\dev\java\jdk1.8.0_144\jre\bin"/>
    <property name="java.vm.version" value="25.144-b01"/>
    <property name="java.vm.vendor" value="Oracle Corporation"/>
    <property name="maven.multiModuleProjectDirectory" value="D:\IntelijWS\recherche-service"/>
    <property name="java.vendor.url" value="http://java.oracle.com/"/>
    <property name="path.separator" value=";"/>
    <property name="guice.disable.misplaced.annotation.check" value="true"/>
    <property name="java.vm.name" value="Java HotSpot(TM) 64-Bit Server VM"/>
    <property name="file.encoding.pkg" value="sun.io"/>
    <property name="user.script" value=""/>
    <property name="user.country" value="CH"/>
    <property name="sun.java.launcher" value="SUN_STANDARD"/>
    <property name="sun.os.patch.level" value=""/>
    <property name="java.vm.specification.name" value="Java Virtual Machine Specification"/>
    <property name="user.dir" value="D:\IntelijWS\recherche-service"/>
    <property name="java.runtime.version" value="1.8.0_144-b01"/>
    <property name="java.awt.graphicsenv" value="sun.awt.Win32GraphicsEnvironment"/>
    <property name="java.endorsed.dirs" value="C:\dev\java\jdk1.8.0_144\jre\lib\endorsed"/>
    <property name="os.arch" value="amd64"/>
    <property name="java.io.tmpdir" value="C:\Users\SCE\AppData\Local\Temp\"/>
    <property name="line.separator" value="
"/>
    <property name="java.vm.specification.vendor" value="Oracle Corporation"/>
    <property name="user.variant" value=""/>
    <property name="os.name" value="Windows 10"/>
    <property name="classworlds.conf" value="C:\Program Files\JetBrains\IntelliJ IDEA 2017.2.1\plugins\maven\lib\maven3\bin\m2.conf"/>
    <property name="sun.jnu.encoding" value="Cp1252"/>
    <property name="java.library.path" value="C:\dev\java\jdk1.8.0_144\bin;C:\WINDOWS\Sun\Java\bin;C:\WINDOWS\system32;C:\WINDOWS;C:\Program Files\Docker\Docker\Resources\bin;C:\ProgramData\Oracle\Java\javapath;C:\app\ORACLE\product\11.2.0\CLIENT\bin;C:\Program Files (x86)\Intel\iCLS Client\;C:\Program Files\Intel\iCLS Client\;C:\Windows\system32;C:\Windows;C:\Windows\System32\Wbem;C:\Windows\System32\WindowsPowerShell\v1.0\;C:\Program Files (x86)\Intel\Intel(R) Management Engine Components\DAL;C:\Program Files\Intel\Intel(R) Management Engine Components\DAL;C:\Program Files (x86)\Intel\Intel(R) Management Engine Components\IPT;C:\Program Files\Intel\Intel(R) Management Engine Components\IPT;C:\Program Files (x86)\NVIDIA Corporation\PhysX\Common;C:\Program Files\Git\cmd;C:\dev\maven\maven-3.5.0\bin;C:\Program Files\PuTTY\;C:\Program Files\TortoiseSVN\bin;C:\Program Files (x86)\OpenSSH\bin;C:\Program Files (x86)\Druide\Antidote 9\Application\Bin64\;C:\Program Files (x86)\Druide\Antidote 9\Application\Bin32\;C:\Program Files (x86)\Calibre2\;C:\WINDOWS\system32;C:\WINDOWS;C:\WINDOWS\System32\Wbem;C:\WINDOWS\System32\WindowsPowerShell\v1.0\;C:\Program Files\WUM\bin;C:\Go\bin;D:\Outils\postgres\pg10\bin;C:\Program Files\nodejs\;%ZOOKEEPER_HOME%\bin;C:\Ruby25-x64\bin;C:\ProgramData\Oracle\Java\javapath;C:\app\ORACLE\product\11.2.0\CLIENT\bin;C:\Program Files (x86)\Intel\iCLS Client\;C:\Program Files\Intel\iCLS Client\;C:\Windows\system32;C:\Windows;C:\Windows\System32\Wbem;C:\Windows\System32\WindowsPowerShell\v1.0\;C:\Program Files (x86)\Intel\Intel(R) Management Engine Components\DAL;C:\Program Files\Intel\Intel(R) Management Engine Components\DAL;C:\Program Files (x86)\Intel\Intel(R) Management Engine Components\IPT;C:\Program Files\Intel\Intel(R) Management Engine Components\IPT;C:\Program Files (x86)\NVIDIA Corporation\PhysX\Common;C:\Program Files\Git\cmd;C:\dev\maven\maven-3.5.0\bin;C:\Program Files\nodejs\;C:\Program Files\PuTTY\;C:\Program Files\TortoiseSVN\bin;C:\Program Files (x86)\OpenSSH\bin;C:\Users\SCE\AppData\Local\Microsoft\WindowsApps;C:\Program Files\Microsoft VS Code\bin;C:\Program Files\nodejs;C:\Users\SCE\AppData\Local\Microsoft\WindowsApps;;C:\Users\SCE\AppData\Local\Programs\Fiddler;C:\Users\SCE\AppData\Roaming\npm;."/>
    <property name="java.specification.name" value="Java Platform API Specification"/>
    <property name="java.class.version" value="52.0"/>
    <property name="sun.management.compiler" value="HotSpot 64-Bit Tiered Compilers"/>
    <property name="os.version" value="10.0"/>
    <property name="user.home" value="C:\Users\SCE"/>
    <property name="user.timezone" value="Europe/Berlin"/>
    <property name="java.awt.printerjob" value="sun.awt.windows.WPrinterJob"/>
    <property name="java.specification.version" value="1.8"/>
    <property name="file.encoding" value="UTF-8"/>
    <property name="user.name" value="SCE"/>
    <property name="java.class.path" value="C:\Program Files\JetBrains\IntelliJ IDEA 2017.2.1\plugins\maven\lib\maven3\boot\plexus-classworlds-2.5.2.jar;C:\Program Files\JetBrains\IntelliJ IDEA 2017.2.1\lib\idea_rt.jar"/>
    <property name="java.vm.specification.version" value="1.8"/>
    <property name="sun.arch.data.model" value="64"/>
    <property name="java.home" value="C:\dev\java\jdk1.8.0_144\jre"/>
    <property name="sun.java.command" value="org.codehaus.classworlds.Launcher -Didea.version=2017.2.2 install"/>
    <property name="java.specification.vendor" value="Oracle Corporation"/>
    <property name="user.language" value="fr"/>
    <property name="awt.toolkit" value="sun.awt.windows.WToolkit"/>
    <property name="java.vm.info" value="mixed mode"/>
    <property name="java.version" value="1.8.0_144"/>
    <property name="java.ext.dirs" value="C:\dev\java\jdk1.8.0_144\jre\lib\ext;C:\WINDOWS\Sun\Java\lib\ext"/>
    <property name="sun.boot.class.path" value="C:\dev\java\jdk1.8.0_144\jre\lib\resources.jar;C:\dev\java\jdk1.8.0_144\jre\lib\rt.jar;C:\dev\java\jdk1.8.0_144\jre\lib\sunrsasign.jar;C:\dev\java\jdk1.8.0_144\jre\lib\jsse.jar;C:\dev\java\jdk1.8.0_144\jre\lib\jce.jar;C:\dev\java\jdk1.8.0_144\jre\lib\charsets.jar;C:\dev\java\jdk1.8.0_144\jre\lib\jfr.jar;C:\dev\java\jdk1.8.0_144\jre\classes"/>
    <property name="java.vendor" value="Oracle Corporation"/>
    <property name="maven.home" value="C:\Program Files\JetBrains\IntelliJ IDEA 2017.2.1\plugins\maven\lib\maven3"/>
    <property name="file.separator" value="\"/>
    <property name="java.vendor.url.bug" value="http://bugreport.sun.com/bugreport/"/>
    <property name="sun.cpu.endian" value="little"/>
    <property name="sun.io.unicode.encoding" value="UnicodeLittle"/>
    <property name="sun.desktop" value="windows"/>
    <property name="sun.cpu.isalist" value="amd64"/>
  </properties>
  <testcase classname="ch.globaz.tmmas.rechercheservice.application.PersonnesControllerTest" name="should index document" time="6.256"/>
  <testcase classname="ch.globaz.tmmas.rechercheservice.application.PersonnesControllerTest" name="should find indexed document" time="0.355"/>
  <testcase classname="ch.globaz.tmmas.rechercheservice.application.PersonnesControllerTest" name="should find indexed document with fuzzy" time="0.234">
    <failure message="Condition failed with Exception:

response.body[1].adresse.rue == &apos;Eglise&apos;
|        |   |   |
|        |   |   java.lang.NullPointerException: Cannot get property &apos;adresse&apos; on null object
|        |   null
|        [[adresse:[rue:Eglise, numero:71, complementNumero:, npa:2854, localite:Bassecourt], prenom:Sébastien, nom:Chèvre, email:seb.chevre@horizon.com, emailProfessionel:toto@globaz.ch, username:sce, password:fM8e57Jl, sexe:HOMME, noTelephone:0041798765653, dateNaissance:1978-09-11, employeur:[nom:Globaz S.A., email:info@globaz.ch, url:http://www.globaz.ch, ide:CHE-102.360.639], nss:756.1234.5678.90]]
&lt;200,[{adresse={rue=Eglise, numero=71, complementNumero=, npa=2854, localite=Bassecourt}, prenom=Sébastien, nom=Chèvre, email=seb.chevre@horizon.com, emailProfessionel=toto@globaz.ch, username=sce, password=fM8e57Jl, sexe=HOMME, noTelephone=0041798765653, dateNaissance=1978-09-11, employeur={nom=Globaz S.A., email=info@globaz.ch, url=http://www.globaz.ch, ide=CHE-102.360.639}, nss=756.1234.5678.90}],{Content-Type=[application/json;charset=UTF-8], Transfer-Encoding=[chunked], Date=[Thu, 16 Aug 2018 08:10:08 GMT]}&gt;
" type="Condition failed with Exception">Condition failed with Exception:

response.body[1].adresse.rue == &apos;Eglise&apos;
|        |   |   |
|        |   |   java.lang.NullPointerException: Cannot get property &apos;adresse&apos; on null object
|        |   null
|        [[adresse:[rue:Eglise, numero:71, complementNumero:, npa:2854, localite:Bassecourt], prenom:Sébastien, nom:Chèvre, email:seb.chevre@horizon.com, emailProfessionel:toto@globaz.ch, username:sce, password:fM8e57Jl, sexe:HOMME, noTelephone:0041798765653, dateNaissance:1978-09-11, employeur:[nom:Globaz S.A., email:info@globaz.ch, url:http://www.globaz.ch, ide:CHE-102.360.639], nss:756.1234.5678.90]]
&lt;200,[{adresse={rue=Eglise, numero=71, complementNumero=, npa=2854, localite=Bassecourt}, prenom=Sébastien, nom=Chèvre, email=seb.chevre@horizon.com, emailProfessionel=toto@globaz.ch, username=sce, password=fM8e57Jl, sexe=HOMME, noTelephone=0041798765653, dateNaissance=1978-09-11, employeur={nom=Globaz S.A., email=info@globaz.ch, url=http://www.globaz.ch, ide=CHE-102.360.639}, nss=756.1234.5678.90}],{Content-Type=[application/json;charset=UTF-8], Transfer-Encoding=[chunked], Date=[Thu, 16 Aug 2018 08:10:08 GMT]}&gt;

	at ch.globaz.tmmas.rechercheservice.application.PersonnesControllerTest.should find indexed document with fuzzy(PersonnesControllerTest.groovy:54)
Caused by: java.lang.NullPointerException: Cannot get property &apos;adresse&apos; on null object
	... 1 more
</failure>
    <system-out>2018-08-16 10:10:08.901  INFO 12972 --- [/O dispatcher 1] c.g.t.r.i.ElasticSearchClient            : {&quot;adresse&quot;:{&quot;rue&quot;:&quot;Eglise&quot;,&quot;numero&quot;:&quot;71&quot;,&quot;complementNumero&quot;:&quot;&quot;,&quot;npa&quot;:&quot;2854&quot;,&quot;localite&quot;:&quot;Bassecourt&quot;},&quot;prenom&quot;:&quot;S�bastien&quot;,&quot;nom&quot;:&quot;Ch�vre&quot;,&quot;email&quot;:&quot;seb.chevre@horizon.com&quot;,&quot;emailProfessionel&quot;:&quot;toto@globaz.ch&quot;,&quot;username&quot;:&quot;sce&quot;,&quot;password&quot;:&quot;fM8e57Jl&quot;,&quot;sexe&quot;:&quot;HOMME&quot;,&quot;noTelephone&quot;:&quot;0041798765653&quot;,&quot;dateNaissance&quot;:&quot;1978-09-11&quot;,&quot;employeur&quot;:{&quot;nom&quot;:&quot;Globaz S.A.&quot;,&quot;email&quot;:&quot;info@globaz.ch&quot;,&quot;url&quot;:&quot;http://www.globaz.ch&quot;,&quot;ide&quot;:&quot;CHE-102.360.639&quot;},&quot;nss&quot;:&quot;756.1234.5678.90&quot;}
[[adresse:[rue:Eglise, numero:71, complementNumero:, npa:2854, localite:Bassecourt], prenom:S�bastien, nom:Ch�vre, email:seb.chevre@horizon.com, emailProfessionel:toto@globaz.ch, username:sce, password:fM8e57Jl, sexe:HOMME, noTelephone:0041798765653, dateNaissance:1978-09-11, employeur:[nom:Globaz S.A., email:info@globaz.ch, url:http://www.globaz.ch, ide:CHE-102.360.639], nss:756.1234.5678.90]]</system-out>
  </testcase>
</testsuite>